Log file open, 10/26/17 11:03:03
LogWindows: Failed to load 'aqProf.dll' (GetLastError=126)
LogWindows: File 'aqProf.dll' does not exist
LogWindows: Failed to load 'VSPerf140.dll' (GetLastError=126)
LogWindows: File 'VSPerf140.dll' does not exist
LogWindows: Failed to load 'VtuneApi.dll' (GetLastError=126)
LogWindows: File 'VtuneApi.dll' does not exist
LogWindows: Failed to load 'VtuneApi32e.dll' (GetLastError=126)
LogWindows: File 'VtuneApi32e.dll' does not exist
LogInit: Display: Running engine for game: Exalos
LogPlatformFile: Not using cached read wrapper
LogInit: Display: RandInit(1343309154) SRandInit(1343309154).
LogTaskGraph: Started task graph with 5 named threads and 8 total threads with 3 sets of task threads.
LogStats: Stats thread started at 0.120882
LogD3D11RHI: Aftermath initialized
LogPluginManager: Mounting plugin Paper2D
LogPluginManager: Mounting plugin LightPropagationVolume
LogPluginManager: Mounting plugin CodeLiteSourceCodeAccess
LogPluginManager: Mounting plugin GitSourceControl
LogPluginManager: Mounting plugin KDevelopSourceCodeAccess
LogPluginManager: Mounting plugin NullSourceCodeAccess
LogPluginManager: Mounting plugin PerforceSourceControl
LogPluginManager: Mounting plugin SubversionSourceControl
LogPluginManager: Mounting plugin UObjectPlugin
LogPluginManager: Mounting plugin VisualStudioSourceCodeAccess
LogPluginManager: Mounting plugin XCodeSourceCodeAccess
LogPluginManager: Mounting plugin AssetManagerEditor
LogPluginManager: Mounting plugin AudioCapture
LogPluginManager: Mounting plugin FacialAnimation
LogPluginManager: Mounting plugin GameplayTagsEditor
LogPluginManager: Mounting plugin MobileLauncherProfileWizard
LogPluginManager: Mounting plugin PluginBrowser
LogPluginManager: Mounting plugin SpeedTreeImporter
LogPluginManager: Mounting plugin AlembicImporter
LogPluginManager: Mounting plugin CharacterAI
LogPluginManager: Mounting plugin HTML5Networking
LogPluginManager: Mounting plugin AndroidMedia
LogPluginManager: Mounting plugin AvfMedia
LogPluginManager: Mounting plugin MediaPlayerEditor
LogPluginManager: Mounting plugin WmfMedia
LogPluginManager: Mounting plugin TcpMessaging
LogPluginManager: Mounting plugin UdpMessaging
LogPluginManager: Mounting plugin LevelSequenceEditor
LogPluginManager: Mounting plugin MatineeToLevelSequence
LogPluginManager: Mounting plugin OnlineSubsystemGooglePlay
LogPluginManager: Mounting plugin OnlineSubsystemIOS
LogPluginManager: Mounting plugin OnlineSubsystem
LogPluginManager: Mounting plugin OnlineSubsystemNull
LogPluginManager: Mounting plugin OnlineSubsystemUtils
LogPluginManager: Mounting plugin AndroidDeviceProfileSelector
LogPluginManager: Mounting plugin AndroidMoviePlayer
LogPluginManager: Mounting plugin AndroidPermission
LogPluginManager: Mounting plugin AppleMoviePlayer
LogPluginManager: Mounting plugin ArchVisCharacter
LogPluginManager: Mounting plugin CableComponent
LogPluginManager: Mounting plugin CustomMeshComponent
LogPluginManager: Mounting plugin ExampleDeviceProfileSelector
LogPluginManager: Mounting plugin GoogleCloudMessaging
LogPluginManager: Mounting plugin ImmediatePhysics
LogPluginManager: Mounting plugin IOSDeviceProfileSelector
LogPluginManager: Mounting plugin LinuxDeviceProfileSelector
LogPluginManager: Mounting plugin LocationServicesBPLibrary
LogPluginManager: Mounting plugin MobilePatchingUtils
LogPluginManager: Mounting plugin OculusVR
LogPluginManager: Mounting plugin PhysXVehicles
LogPluginManager: Mounting plugin ProceduralMeshComponent
LogPluginManager: Mounting plugin RuntimePhysXCooking
LogPluginManager: Mounting plugin SteamVR
LogPluginManager: Mounting plugin WindowsMoviePlayer
LogInit: Using libcurl 7.47.1
LogInit:  - built for x86_64-pc-win32
LogInit:  - supports SSL with OpenSSL/1.0.2g
LogInit:  - supports HTTP deflate (compression) using libz 1.2.8
LogInit:  - other features:
LogInit:      CURL_VERSION_SSL
LogInit:      CURL_VERSION_LIBZ
LogInit:      CURL_VERSION_IPV6
LogInit:      CURL_VERSION_ASYNCHDNS
LogInit:      CURL_VERSION_LARGEFILE
LogInit:      CURL_VERSION_IDN
LogInit:  CurlRequestOptions (configurable via config and command line):
LogInit:  - bVerifyPeer = false  - Libcurl will NOT verify peer certificate
LogInit:  - bUseHttpProxy = false  - Libcurl will NOT use HTTP proxy
LogInit:  - bDontReuseConnections = false  - Libcurl will reuse connections
LogInit:  - CertBundlePath = nullptr  - Libcurl will use whatever was configured at build time.
LogInit: Build: ++UE4+Release-4.17-CL-3658906
LogInit: Engine Version: 4.17.2-3658906+++UE4+Release-4.17
LogInit: Compatible Engine Version: 4.17.0-3573198+++UE4+Release-4.17
LogInit: Net CL: 3573198
LogDevObjectVersion: Number of dev versions registered: 16
LogDevObjectVersion:   Dev-Blueprints (B0D832E4-1F89-4F0D-ACCF-7EB736FD4AA2): 10
LogDevObjectVersion:   Dev-Build (E1C64328-A22C-4D53-A36C-8E866417BD8C): 0
LogDevObjectVersion:   Dev-Core (375EC13C-06E4-48FB-B500-84F0262A717E): 2
LogDevObjectVersion:   Dev-Editor (E4B068ED-F494-42E9-A231-DA0B2E46BB41): 20
LogDevObjectVersion:   Dev-Framework (CFFC743F-43B0-4480-9391-14DF171D2073): 28
LogDevObjectVersion:   Dev-Mobile (B02B49B5-BB20-44E9-A304-32B752E40360): 0
LogDevObjectVersion:   Dev-Networking (A4E4105C-59A1-49B5-A7C5-40C4547EDFEE): 0
LogDevObjectVersion:   Dev-Online (39C831C9-5AE6-47DC-9A44-9C173E1C8E7C): 0
LogDevObjectVersion:   Dev-Physics (78F01B33-EBEA-4F98-B9B4-84EACCB95AA2): 0
LogDevObjectVersion:   Dev-Platform (6631380F-2D4D-43E0-8009-CF276956A95A): 0
LogDevObjectVersion:   Dev-Rendering (12F88B9F-8875-4AFC-A67C-D90C383ABD29): 19
LogDevObjectVersion:   Dev-Sequencer (7B5AE74C-D270-4C10-A958-57980B212A5A): 4
LogDevObjectVersion:   Dev-VR (D7296918-1DD6-4BDD-9DE2-64A83CC13884): 0
LogDevObjectVersion:   Dev-LoadTimes (C2A15278-BFE7-4AFE-6C17-90FF531DF755): 1
LogDevObjectVersion:   Private-Geometry (6EACA3D4-40EC-4CC1-B786-8BED09428FC5): 1
LogDevObjectVersion:   Dev-AnimPhys (29E575DD-E0A3-4627-9D10-D276232CDCEA): 7
LogInit: Compiled (64-bit): Sep 22 2017 13:47:16
LogInit: Compiled with Visual C++: 19.00.24215.01
LogInit: Build Configuration: Development
LogInit: Branch Name: ++UE4+Release-4.17
LogInit: Command line: -EpicPortal 
LogInit: Base directory: C:/Program Files/Epic Games/UE_4.17/Engine/Binaries/Win64/
LogInit: Installed Engine Build: 1
LogInit: Presizing for max 8388607 objects, including 0 objects not considered by GC, pre-allocating 0 bytes for permanent pool.
LogInit: Object subsystem initialized
[2017.10.26-09.03.04:492][  0]LogInit: Selected Device Profile: [Windows]
[2017.10.26-09.03.04:492][  0]LogInit: Applying CVar settings loaded from the selected device profile: [Windows]
[2017.10.26-09.03.04:528][  0]LogInit: Computer: DESKTOP-O65I7RR
[2017.10.26-09.03.04:528][  0]LogInit: User: roysc
[2017.10.26-09.03.04:528][  0]LogInit: CPU Page size=4096, Cores=2
[2017.10.26-09.03.04:528][  0]LogInit: High frequency timer resolution =2.533196 MHz
[2017.10.26-09.03.04:528][  0]LogMemory: Memory total: Physical=7.9GB (8GB approx)
[2017.10.26-09.03.04:528][  0]LogMemory: Platform Memory Stats for Windows
[2017.10.26-09.03.04:528][  0]LogMemory: Process Physical Memory: 278.57 MB used, 278.57 MB peak
[2017.10.26-09.03.04:528][  0]LogMemory: Process Virtual Memory: 276.04 MB used, 276.04 MB peak
[2017.10.26-09.03.04:528][  0]LogMemory: Physical Memory: 3408.81 MB used,  4663.46 MB free, 8072.27 MB total
[2017.10.26-09.03.04:528][  0]LogMemory: Virtual Memory: 700.05 MB used,  4663.46 MB free, 134217728.00 MB total
[2017.10.26-09.03.04:706][  0]LogInit: Using OS detected language (en-US).
[2017.10.26-09.03.04:706][  0]LogInit: Using OS detected locale (en-GB).
[2017.10.26-09.03.04:709][  0]LogTextLocalizationManager: No specific localization for 'en-US' exists, so the 'en' localization will be used.
[2017.10.26-09.03.05:538][  0]LogD3D11RHI: D3D11 adapters:
[2017.10.26-09.03.05:582][  0]LogD3D11RHI:    0. 'NVIDIA GeForce GTX 850M' (Feature Level 11_0)
[2017.10.26-09.03.05:582][  0]LogD3D11RHI:       4065/0/4036 MB DedicatedVideo/DedicatedSystem/SharedSystem, Outputs:1, VendorId:0x10de
[2017.10.26-09.03.05:588][  0]LogD3D11RHI:    1. 'Intel(R) HD Graphics Family' (Feature Level 11_0)
[2017.10.26-09.03.05:588][  0]LogD3D11RHI:       112/0/2048 MB DedicatedVideo/DedicatedSystem/SharedSystem, Outputs:0, VendorId:0x8086
[2017.10.26-09.03.05:590][  0]LogD3D11RHI:    2. 'Microsoft Basic Render Driver' (Feature Level 11_0)
[2017.10.26-09.03.05:590][  0]LogD3D11RHI:       0/0/4036 MB DedicatedVideo/DedicatedSystem/SharedSystem, Outputs:0, VendorId:0x1414
[2017.10.26-09.03.05:590][  0]LogD3D11RHI: Chosen D3D11 Adapter: 0
[2017.10.26-09.03.05:595][  0]LogD3D11RHI: Creating new Direct3DDevice
[2017.10.26-09.03.05:595][  0]LogD3D11RHI:     GPU DeviceId: 0x1391 (for the marketing name, search the web for "GPU Device Id")
[2017.10.26-09.03.05:595][  0]LogWindows: EnumDisplayDevices:
[2017.10.26-09.03.05:595][  0]LogWindows:    0. 'Intel(R) HD Graphics Family' (P:1 D:1)
[2017.10.26-09.03.05:595][  0]LogWindows:    1. 'Intel(R) HD Graphics Family' (P:0 D:0)
[2017.10.26-09.03.05:595][  0]LogWindows:    2. 'Intel(R) HD Graphics Family' (P:0 D:0)
[2017.10.26-09.03.05:595][  0]LogWindows: DebugString: GetVideoDriverDetailsInvalid PrimaryIsNotTheChoosenAdapter GetVideoDriverDetailsInvalid PrimaryIsNotTheChoosenAdapter GetVideoDriverDetailsInvalid PrimaryIsNotTheChoosenAdapter FoundDriverCount:0 
[2017.10.26-09.03.05:595][  0]LogD3D11RHI:     Adapter Name: NVIDIA GeForce GTX 850M
[2017.10.26-09.03.05:595][  0]LogD3D11RHI:   Driver Version: Unknown (internal:Unknown, unified:Unknown)
[2017.10.26-09.03.05:595][  0]LogD3D11RHI:      Driver Date: Unknown
[2017.10.26-09.03.05:596][  0]LogRHI: Texture pool is 1361 MB (70% of 1945 MB)
[2017.10.26-09.03.05:618][  0]LogD3D11RHI: Async texture creation enabled
[2017.10.26-09.03.05:633][  0]LogD3D11RHI: GPU Timing Frequency: 1000.000000 (Debug: 2 1)
[2017.10.26-09.03.05:634][  0]LogShaderCompilers: Guid format shader working directory is -16 characters bigger than the processId version (../../../../../../Users/roysc/Documents/Unreal Projects/Exalos/Intermediate/Shaders/WorkingDirectory/5680/).
[2017.10.26-09.03.05:634][  0]LogShaderCompilers: Cleaned the shader compiler working directory 'C:/Users/roysc/AppData/Local/Temp/UnrealShaderWorkingDir/49DAB2C744F85CEF51676FBF0DA4DE90/'.
[2017.10.26-09.03.05:634][  0]LogShaderCompilers: Display: Using Local Shader Compiler.
[2017.10.26-09.03.06:689][  0]LogTemp: Display: Loaded TP AllDesktopTargetPlatform
[2017.10.26-09.03.06:747][  0]LogTemp: Display: Loaded TP MacClientTargetPlatform
[2017.10.26-09.03.06:803][  0]LogTemp: Display: Loaded TP MacNoEditorTargetPlatform
[2017.10.26-09.03.06:858][  0]LogTemp: Display: Loaded TP MacServerTargetPlatform
[2017.10.26-09.03.06:917][  0]LogTemp: Display: Loaded TP MacTargetPlatform
[2017.10.26-09.03.06:973][  0]LogTemp: Display: Loaded TP WindowsClientTargetPlatform
[2017.10.26-09.03.07:028][  0]LogTemp: Display: Loaded TP WindowsNoEditorTargetPlatform
[2017.10.26-09.03.07:084][  0]LogTemp: Display: Loaded TP WindowsServerTargetPlatform
[2017.10.26-09.03.07:133][  0]LogTemp: Display: Loaded TP WindowsTargetPlatform
[2017.10.26-09.03.07:189][  0]LogTemp: Display: Loaded TP AndroidTargetPlatform
[2017.10.26-09.03.07:242][  0]LogTemp: Display: Loaded TP Android_ASTCTargetPlatform
[2017.10.26-09.03.07:296][  0]LogTemp: Display: Loaded TP Android_ATCTargetPlatform
[2017.10.26-09.03.07:353][  0]LogTemp: Display: Loaded TP Android_DXTTargetPlatform
[2017.10.26-09.03.07:408][  0]LogTemp: Display: Loaded TP Android_ETC1TargetPlatform
[2017.10.26-09.03.07:463][  0]LogTemp: Display: Loaded TP Android_ETC2TargetPlatform
[2017.10.26-09.03.07:571][  0]LogTemp: Display: Loaded TP Android_MultiTargetPlatform
[2017.10.26-09.03.07:571][  0]LogTemp: Display: Loaded TP Android_PVRTCTargetPlatform
[2017.10.26-09.03.07:615][  0]LogTemp: Display: Loaded TP HTML5TargetPlatform
[2017.10.26-09.03.07:716][  0]LogTemp: Display: Loaded TP IOSTargetPlatform
[2017.10.26-09.03.07:750][  0]LogTemp: Display: Loaded TP TVOSTargetPlatform
[2017.10.26-09.03.07:804][  0]LogTemp: Display: Loaded TP LinuxClientTargetPlatform
[2017.10.26-09.03.07:860][  0]LogTemp: Display: Loaded TP LinuxNoEditorTargetPlatform
[2017.10.26-09.03.07:915][  0]LogTemp: Display: Loaded TP LinuxServerTargetPlatform
[2017.10.26-09.03.07:971][  0]LogTemp: Display: Loaded TP LinuxTargetPlatform
[2017.10.26-09.03.07:971][  0]LogTargetPlatformManager: Display: Building Assets For Windows
[2017.10.26-09.03.08:523][  0]LogDerivedDataCache: Display: Max Cache Size: 512 MB
[2017.10.26-09.03.08:611][  0]LogDerivedDataCache: Loaded boot cache 0.09s 93MB C:/Users/roysc/AppData/Local/UnrealEngine/4.17/DerivedDataCache/Boot.ddc.
[2017.10.26-09.03.08:611][  0]LogDerivedDataCache: Display: Loaded Boot cache: C:/Users/roysc/AppData/Local/UnrealEngine/4.17/DerivedDataCache/Boot.ddc
[2017.10.26-09.03.08:611][  0]LogDerivedDataCache: FDerivedDataBackendGraph:  Pak pak cache file ../../../../../../Users/roysc/Documents/Unreal Projects/Exalos/DerivedDataCache/DDC.ddp not found, will not use a pak cache.
[2017.10.26-09.03.08:611][  0]LogDerivedDataCache: Unable to find inner node Pak for hierarchical cache Hierarchy.
[2017.10.26-09.03.08:611][  0]LogDerivedDataCache: FDerivedDataBackendGraph:  CompressedPak pak cache file ../../../../../../Users/roysc/Documents/Unreal Projects/Exalos/DerivedDataCache/Compressed.ddp not found, will not use a pak cache.
[2017.10.26-09.03.08:611][  0]LogDerivedDataCache: Unable to find inner node CompressedPak for hierarchical cache Hierarchy.
[2017.10.26-09.03.08:629][  0]LogDerivedDataCache: Display: Pak cache opened for reading ../../../Engine/DerivedDataCache/Compressed.ddp.
[2017.10.26-09.03.08:641][  0]LogDerivedDataCache: Using Local data cache path C:/Users/roysc/AppData/Local/UnrealEngine/Common/DerivedDataCache: Writable
[2017.10.26-09.03.08:652][  0]LogMaterial: Verifying Global Shaders for PCD3D_SM5
[2017.10.26-09.03.08:653][  0]LogSlate: Using Freetype 2.6.0
[2017.10.26-09.03.08:653][  0]LogSlate: SlateFontCache - WITH_FREETYPE: 1, WITH_HARFBUZZ: 1
[2017.10.26-09.03.08:653][  0]LogSlate: SlateFontCache - WITH_FREETYPE: 1, WITH_HARFBUZZ: 1
[2017.10.26-09.03.08:933][  0]LogAssetRegistry: FAssetRegistry took 0.0270 seconds to start up
[2017.10.26-09.03.09:072][  0]LogInit: Selected Device Profile: [Windows]
[2017.10.26-09.03.09:236][  0]LogContentStreaming: Texture pool size is 0.00 MB
[2017.10.26-09.03.09:570][  0]LogSimplygon: Simplygon DLL not present - disabling.
[2017.10.26-09.03.09:617][  0]LogMeshReduction: Using SimplygonSwarm for distributed automatic mesh merging
[2017.10.26-09.03.09:617][  0]LogMeshReduction: Using QuadricMeshReduction for automatic static mesh reduction
[2017.10.26-09.03.09:617][  0]LogMeshReduction: No automatic skeletal mesh reduction module available
[2017.10.26-09.03.09:617][  0]LogMeshReduction: No automatic mesh merging module available
[2017.10.26-09.03.09:617][  0]LogMeshMerging: No automatic mesh merging module available
[2017.10.26-09.03.10:028][  0]LogNetVersion: Exalos , NetCL: 3573198, EngineNetVer: 2, GameNetVer: 0 (Checksum: 803988355)
[2017.10.26-09.03.10:296][  0]LogPackageLocalizationCache: Processed 5 localized package path(s) for 2 prioritized culture(s) in 0.059752 seconds
[2017.10.26-09.03.10:303][  0]LogUObjectArray: 35825 objects as part of root set at end of initial load.
[2017.10.26-09.03.10:303][  0]LogUObjectAllocator: 7529104 out of 0 bytes used by permanent object pool.
[2017.10.26-09.03.10:303][  0]LogUObjectArray: CloseDisregardForGC: 0/0 objects in disregard for GC pool
[2017.10.26-09.03.10:375][  0]LogInit: WinSock: version 1.1 (2.2), MaxSocks=32767, MaxUdp=65467
[2017.10.26-09.03.13:203][  0]LogTcpMessaging: Initializing TcpMessaging bridge
[2017.10.26-09.03.13:246][  0]LogUdpMessaging: Initializing bridge on interface 0.0.0.0:0 to multicast group 230.0.0.1:6666.
[2017.10.26-09.03.14:054][  0]LogMaterial: Uniform references updated for custom material expression Custom.
[2017.10.26-09.03.14:576][  0]SourceControl: Source control is disabled
[2017.10.26-09.03.14:576][  0]SourceControl: Source control is disabled
[2017.10.26-09.03.14:631][  0]SourceControl: Source control is disabled
[2017.10.26-09.03.14:683][  0]SourceControl: Source control is disabled
[2017.10.26-09.03.15:341][  0]LogAndroidPermission: UAndroidPermissionCallbackProxy::GetInstance
[2017.10.26-09.03.15:615][  0]LogOcInput: OculusInput pre-init called
[2017.10.26-09.03.15:898][  0]LogEngine: Initializing Engine...
[2017.10.26-09.03.15:899][  0]LogHMD: Failed to initialize OpenVR with code 110
[2017.10.26-09.03.16:134][  0]LogStats: UGameplayTagsManager::ConstructGameplayTagTree: Construct from data asset -  0.000 s
[2017.10.26-09.03.16:134][  0]LogStats: UGameplayTagsManager::ConstructGameplayTagTree: GameplayTagTreeChangedEvent.Broadcast -  0.000 s
[2017.10.26-09.03.16:276][  0]LogAIModule: Creating AISystem for world Untitled
[2017.10.26-09.03.16:280][  0]LogInit: XAudio2 using 'Speakers (2- High Definition Audio Device)' : 2 channels at 48 kHz using 16 bits per sample (channel mask 0x3)
[2017.10.26-09.03.16:297][  0]LogInit: FAudioDevice initialized.
[2017.10.26-09.03.16:483][  0]LogDerivedDataCache: Saved boot cache 0.19s 93MB C:/Users/roysc/AppData/Local/UnrealEngine/4.17/DerivedDataCache/Boot.ddc.
[2017.10.26-09.03.16:526][  0]LogInit: Texture streaming: Enabled
[2017.10.26-09.03.16:677][  0]LogEngineSessionManager: EngineSessionManager initialized
[2017.10.26-09.03.16:917][  0]LogInit: Transaction tracking system initialized
[2017.10.26-09.03.17:269][  0]BlueprintLog: New page: Editor Load
[2017.10.26-09.03.18:272][  0]LocalizationService: Localization service is disabled
[2017.10.26-09.03.19:051][  0]LogConsoleResponse: Display: 
[2017.10.26-09.03.19:290][  0]LogCook: Display: Max memory allowance for cook 16384mb min free memory 0mb
[2017.10.26-09.03.19:291][  0]LogCook: Display: Mobile HDR setting 1
[2017.10.26-09.03.19:291][  0]LogGameplayTags: Display: UGameplayTagsManager::DoneAddingNativeTags. DelegateIsBound: 0
[2017.10.26-09.03.20:443][  0]LogFileCache: Scanning file cache for directory 'C:/Users/roysc/Documents/Unreal Projects/Exalos/Content/' took 0.02s
[2017.10.26-09.03.20:495][  0]SourceControl: Source control is disabled
[2017.10.26-09.03.20:495][  0]Cmd: MAP LOAD FILE="../../../Engine/Content/Maps/Templates/Template_Default.umap" TEMPLATE=1 SHOWPROGRESS=1 FEATURELEVEL=3
[2017.10.26-09.03.20:496][  0]LightingResults: New page: Lighting Build
[2017.10.26-09.03.20:546][  0]MapCheck: New page: Map Check
[2017.10.26-09.03.20:546][  0]LightingResults: New page: Lighting Build
[2017.10.26-09.03.20:758][  0]LogAIModule: Creating AISystem for world Untitled_1
[2017.10.26-09.03.20:765][  0]LogEditorServer: Finished looking for orphan Actors (0.000 secs)
[2017.10.26-09.03.20:784][  0]Cmd: MAP CHECKDEP NOCLEARLOG
[2017.10.26-09.03.20:839][  0]MapCheck: Map check complete: 0 Error(s), 0 Warning(s), took 54.515ms to complete.
[2017.10.26-09.03.20:839][  0]LogFileHelpers: Loading map 'Template_Default' took 0.344
[2017.10.26-09.03.20:916][  0]LogWindowsTextInputMethodSystem: Display: IME system now deactivated.
[2017.10.26-09.03.20:916][  0]LogWindowsTextInputMethodSystem: Display: IME system now deactivated.
[2017.10.26-09.03.21:052][  0]LogCollectionManager: Loaded 0 collections in 0.002032 seconds
[2017.10.26-09.03.21:139][  0]LogFileCache: Scanning file cache for directory 'C:/Users/roysc/Documents/Unreal Projects/Exalos/Saved/Collections/' took 0.01s
[2017.10.26-09.03.21:139][  0]LogFileCache: Scanning file cache for directory 'C:/Users/roysc/Documents/Unreal Projects/Exalos/Content/Developers/roysc/Collections/' took 0.01s
[2017.10.26-09.03.21:139][  0]LogFileCache: Scanning file cache for directory 'C:/Users/roysc/Documents/Unreal Projects/Exalos/Content/Collections/' took 0.01s
[2017.10.26-09.03.21:139][  0]LogCollectionManager: Rebuilt the GUID cache for 0 collections in 0.000000 seconds
[2017.10.26-09.03.21:149][  0]LogContentBrowser: Native class hierarchy populated in 0.0096 seconds. Added 2386 classes and 500 folders.
[2017.10.26-09.03.21:224][  0]LogContentBrowser: Native class hierarchy updated for 'WidgetCarousel' in 0.0008 seconds. Added 0 classes and 0 folders.
[2017.10.26-09.03.21:829][  0]LogContentBrowser: Native class hierarchy updated for 'AddContentDialog' in 0.0012 seconds. Added 0 classes and 0 folders.
[2017.10.26-09.03.21:885][  0]LogContentBrowser: Native class hierarchy updated for 'SceneOutliner' in 0.0008 seconds. Added 1 classes and 2 folders.
[2017.10.26-09.03.21:927][  0]LogSlate: Took 0.000396 seconds to synchronously load lazily loaded font '../../../Engine/Content/Slate/Fonts/Roboto-Regular.ttf' (155K)
[2017.10.26-09.03.21:929][  0]LogSlate: Took 0.000248 seconds to synchronously load lazily loaded font '../../../Engine/Content/Slate/Fonts/Roboto-Bold.ttf' (160K)
[2017.10.26-09.03.21:945][  0]LogSlate: Took 0.008603 seconds to synchronously load lazily loaded font '../../../Engine/Content/Editor/Slate/Fonts/FontAwesome.ttf' (139K)
[2017.10.26-09.03.22:143][  0]LogRenderer: Reallocating scene render targets to support 884x436 Format 10 NumSamples 1 (Frame:1).
[2017.10.26-09.03.22:462][  0]LogContentBrowser: Native class hierarchy updated for 'HierarchicalLODOutliner' in 0.0008 seconds. Added 1 classes and 2 folders.
[2017.10.26-09.03.22:463][  0]LogLoad: (Engine Initialization) Total time: 20.02 seconds
[2017.10.26-09.03.22:463][  0]LogLoad: (Engine Initialization) Total Blueprint compile time: 0.00 seconds
[2017.10.26-09.03.22:463][  0]LogExternalProfiler: No external profilers were discovered.  External profiling features will not be available.
[2017.10.26-09.03.22:492][  0]LogContentStreaming: Texture pool size now 1000 MB
[2017.10.26-09.03.22:528][  1]LogAssetRegistry: Asset discovery search completed in 13.6173 seconds
[2017.10.26-09.03.22:530][  1]LogCollectionManager: Rebuilt the object cache for 0 collections in 0.000001 seconds (found 0 objects)
[2017.10.26-09.03.22:530][  1]LogCollectionManager: Fixed up redirectors for 0 collections in 0.000051 seconds (updated 0 objects)
[2017.10.26-09.03.23:524][ 76]LogSlate: Took 0.004132 seconds to synchronously load lazily loaded font '../../../Engine/Content/Slate/Fonts/Roboto-Light.ttf' (159K)
[2017.10.26-09.03.26:515][363]LogSlate: Took 0.000255 seconds to synchronously load lazily loaded font '../../../Engine/Content/Slate/Fonts/Roboto-Light.ttf' (159K)
[2017.10.26-09.03.29:709][696]LogSlate: Took 0.000156 seconds to synchronously load lazily loaded font '../../../Engine/Content/Slate/Fonts/Roboto-Light.ttf' (159K)
[2017.10.26-09.03.30:154][696]LogContentBrowser: Native class hierarchy updated for 'BlueprintGraph' in 0.0011 seconds. Added 113 classes and 0 folders.
[2017.10.26-09.03.31:951][696]LogSlate: Took 0.005611 seconds to synchronously load lazily loaded font '../../../Engine/Content/Editor/Slate/Fonts/Roboto-BoldCondensed.ttf' (158K)
[2017.10.26-09.03.32:191][697]LogSlate: Took 0.011161 seconds to synchronously load lazily loaded font '../../../Engine/Content/Editor/Slate/Fonts/Roboto-Italic.ttf' (157K)
[2017.10.26-09.13.22:318][425]LogFileHelpers: Editor autosave (incl. sublevels) for '/Temp/Untitled_1' took 0.038
[2017.10.26-09.13.22:321][425]OBJ SavePackage: Generating thumbnails for [0] asset(s) in package [/Game/Blueprints/MainPlayerController] ([1] browsable assets)...
[2017.10.26-09.13.22:321][425]OBJ SavePackage: Finished generating thumbnails for package [/Game/Blueprints/MainPlayerController]
[2017.10.26-09.13.22:425][425]LogSavePackage: Save=81.47ms
[2017.10.26-09.13.22:425][425]LogSavePackage: Moving '../../../../../../Users/roysc/Documents/Unreal Projects/Exalos/Saved/MainPlayerController_Auto1E456292A4DD04C16E10EE3B04522F223.tmp' to '../../../../../../Users/roysc/Documents/Unreal Projects/Exalos/Saved/Autosaves/Game/Blueprints/MainPlayerController_Auto1.uasset'
[2017.10.26-09.13.22:428][425]LogSavePackage: Display: Finished SavePackage ../../../../../../Users/roysc/Documents/Unreal Projects/Exalos/Saved/Autosaves/Game/Blueprints/MainPlayerController_Auto1.uasset
[2017.10.26-09.13.22:429][425]LogFileHelpers: Auto-saving content packages took 0.109
[2017.10.26-09.32.54:065][299]LogFileHelpers: Editor autosave (incl. sublevels) for '/Temp/Untitled_1' took 0.039
[2017.10.26-09.32.54:067][299]OBJ SavePackage: Generating thumbnails for [0] asset(s) in package [/Game/Blueprints/MainPlayerController] ([1] browsable assets)...
[2017.10.26-09.32.54:067][299]OBJ SavePackage: Finished generating thumbnails for package [/Game/Blueprints/MainPlayerController]
[2017.10.26-09.32.54:173][299]LogSavePackage: Save=85.13ms
[2017.10.26-09.32.54:173][299]LogSavePackage: Moving '../../../../../../Users/roysc/Documents/Unreal Projects/Exalos/Saved/MainPlayerController_Auto21677178043A7728E83A2E8B1B276620A.tmp' to '../../../../../../Users/roysc/Documents/Unreal Projects/Exalos/Saved/Autosaves/Game/Blueprints/MainPlayerController_Auto2.uasset'
[2017.10.26-09.32.54:176][299]LogSavePackage: Display: Finished SavePackage ../../../../../../Users/roysc/Documents/Unreal Projects/Exalos/Saved/Autosaves/Game/Blueprints/MainPlayerController_Auto2.uasset
[2017.10.26-09.32.54:176][299]LogFileHelpers: Auto-saving content packages took 0.110
[2017.10.26-09.57.19:447][602]LogTemp: Repeating last play command: New Editor Window (PIE)
[2017.10.26-09.57.19:696][602]LogPlayLevel: PlayLevel: No blueprints needed recompiling
[2017.10.26-09.57.19:697][602]PIE: New page: PIE session: Untitled_1 (26 Oct 2017 13:57:19)
[2017.10.26-09.57.19:705][602]LogPlayLevel: Creating play world package: /Temp/UEDPIE_0_Untitled_1
[2017.10.26-09.57.19:707][602]LogPlayLevel: PIE: StaticDuplicateObject took: (0.002071s)
[2017.10.26-09.57.19:708][602]LogAIModule: Creating AISystem for world Untitled_1
[2017.10.26-09.57.19:709][602]LogPlayLevel: PIE: World Init took: (0.001467s)
[2017.10.26-09.57.19:709][602]LogPlayLevel: PIE: Created PIE world by copying editor world from /Temp/Untitled_1.Untitled_1 to /Temp/UEDPIE_0_Untitled_1.Untitled_1 (0.003995s)
[2017.10.26-09.57.19:737][602]LogInit: XAudio2 using 'Speakers (2- High Definition Audio Device)' : 2 channels at 48 kHz using 16 bits per sample (channel mask 0x3)
[2017.10.26-09.57.19:745][602]LogInit: FAudioDevice initialized.
[2017.10.26-09.57.19:879][602]LogLoad: Game class is 'MainGameModeBase_C'
[2017.10.26-09.57.19:881][602]LogWorld: Bringing World /Temp/UEDPIE_0_Untitled_1.Untitled_1 up for play (max tick rate 60) at 2017.10.26-11.57.19
[2017.10.26-09.57.19:881][602]LogWorld: Bringing up level for play took: 0.001358
[2017.10.26-09.57.19:951][602]LogContentBrowser: Native class hierarchy updated for 'MovieSceneCapture' in 0.0009 seconds. Added 11 classes and 0 folders.
[2017.10.26-09.57.19:958][602]PIE: Play in editor start time for /Temp/UEDPIE_0_Untitled_1 0.358
[2017.10.26-09.57.19:984][602]LogRenderer: Reallocating scene render targets to support 1292x756 Format 10 NumSamples 1 (Frame:1).
[2017.10.26-09.57.27:305][938]LogAIModule: Creating AISystem for world Test
[2017.10.26-09.57.30:883][938]Cmd: OBJ SAVEPACKAGE PACKAGE="/Game/Blueprints/MainPlayerController" FILE="../../../../../../Users/roysc/Documents/Unreal Projects/Exalos/Content/Blueprints/MainPlayerController.uasset" SILENT=true
[2017.10.26-09.57.30:984][938]LogSavePackage: Save=78.88ms
[2017.10.26-09.57.30:984][938]LogSavePackage: Moving '../../../../../../Users/roysc/Documents/Unreal Projects/Exalos/Saved/MainPlayerController7AC7B1244C5C302D2497AABD583DCB8D.tmp' to '../../../../../../Users/roysc/Documents/Unreal Projects/Exalos/Content/Blueprints/MainPlayerController.uasset'
[2017.10.26-09.57.30:992][938]LogSavePackage: Display: Finished SavePackage ../../../../../../Users/roysc/Documents/Unreal Projects/Exalos/Content/Blueprints/MainPlayerController.uasset
[2017.10.26-09.57.30:993][938]Cmd: MAP LOAD FILE="../../../../../../Users/roysc/Documents/Unreal Projects/Exalos/Content/Maps/Test.umap" TEMPLATE=0 SHOWPROGRESS=1 FEATURELEVEL=3
[2017.10.26-09.57.30:993][938]LightingResults: New page: Lighting Build
[2017.10.26-09.57.30:994][938]LoadErrors: New page: Loading map: Test.umap
[2017.10.26-09.57.30:994][938]MapCheck: New page: Map Check
[2017.10.26-09.57.30:994][938]LightingResults: New page: Lighting Build
[2017.10.26-09.57.31:370][938]LogEditorServer: Finished looking for orphan Actors (0.000 secs)
[2017.10.26-09.57.31:429][938]Cmd: MAP CHECKDEP NOCLEARLOG
[2017.10.26-09.57.33:685][938]MapCheck: Map check complete: 0 Error(s), 0 Warning(s), took 2,256.1ms to complete.
[2017.10.26-09.57.33:693][938]LogSlate: Took 0.006750 seconds to synchronously load lazily loaded font '../../../Engine/Content/Slate/Fonts/Roboto-Regular.ttf' (155K)
[2017.10.26-09.57.33:702][938]LogFileHelpers: Loading map 'Test' took 2.710
[2017.10.26-09.57.35:234][ 18]LogTemp: Repeating last play command: New Editor Window (PIE)
[2017.10.26-09.57.35:279][ 18]LogPlayLevel: PlayLevel: No blueprints needed recompiling
[2017.10.26-09.57.35:279][ 18]PIE: New page: PIE session: Test (26 Oct 2017 13:57:35)
[2017.10.26-09.57.35:280][ 18]LogPlayLevel: Creating play world package: /Game/Maps/UEDPIE_0_Test
[2017.10.26-09.57.35:290][ 18]LogPlayLevel: PIE: StaticDuplicateObject took: (0.009949s)
[2017.10.26-09.57.35:290][ 18]LogAIModule: Creating AISystem for world Test
[2017.10.26-09.57.35:291][ 18]LogPlayLevel: PIE: World Init took: (0.000873s)
[2017.10.26-09.57.35:291][ 18]LogPlayLevel: PIE: Created PIE world by copying editor world from /Game/Maps/Test.Test to /Game/Maps/UEDPIE_0_Test.Test (0.011199s)
[2017.10.26-09.57.35:318][ 18]LogInit: XAudio2 using 'Speakers (2- High Definition Audio Device)' : 2 channels at 48 kHz using 16 bits per sample (channel mask 0x3)
[2017.10.26-09.57.35:324][ 18]LogInit: FAudioDevice initialized.
[2017.10.26-09.57.35:363][ 18]LogLoad: Game class is 'MainGameModeBase_C'
[2017.10.26-09.57.35:367][ 18]LogWorld: Bringing World /Game/Maps/UEDPIE_0_Test.Test up for play (max tick rate 60) at 2017.10.26-11.57.35
[2017.10.26-09.57.35:367][ 18]LogWorld: Bringing up level for play took: 0.003658
[2017.10.26-09.57.35:373][ 18]PIE: Play in editor start time for /Game/Maps/UEDPIE_0_Test -0.227
[2017.10.26-09.57.36:499][ 66]LogBlueprintUserMessages: [InteractableObject_Default4_1123] Interact Pressed succesfully
[2017.10.26-09.57.37:657][122]LogBlueprintUserMessages: [InteractableObject_Default_550] Interact Pressed succesfully
[2017.10.26-09.57.39:057][206]LogBlueprintUserMessages: [InteractableObject_Default11_2484] Interact Pressed succesfully
[2017.10.26-09.57.41:624][360]LogBlueprintUserMessages: [InteractableObject_Default3_984] Interact Pressed succesfully
[2017.10.26-09.57.47:874][735]LogBlueprintUserMessages: [InteractableObject_Default5_1410] Interact Pressed succesfully
[2017.10.26-09.57.49:441][829]LogBlueprintUserMessages: [InteractableObject_Default10_2281] Interact Pressed succesfully
[2017.10.26-09.57.52:908][ 37]LogBlueprintUserMessages: [InteractableObject_Default13_2994] Interact Pressed succesfully
[2017.10.26-09.57.54:774][149]LogBlueprintUserMessages: [InteractableObject_Default6_1557] Interact Pressed succesfully
[2017.10.26-09.57.56:108][229]LogBlueprintUserMessages: [InteractableObject_Default14_3197] Interact Pressed succesfully
[2017.10.26-09.57.58:841][393]LogBlueprintUserMessages: [InteractableObject_Default7_1728] Interact Pressed succesfully
[2017.10.26-09.58.07:758][928]LogBlueprintUserMessages: [InteractableObject_Default2_805] Interact Pressed succesfully
[2017.10.26-09.58.11:925][178]LogBlueprintUserMessages: [NPC_Default_233] Ohhhh supertof, bedankt! Maar ik hoef ze toch niet meer.
Hier heb je er nog een paar uit mijn broekzak...
[2017.10.26-09.58.14:025][304]LogBlueprintUserMessages: [NPC_Default_233] Je hebt me al geholpen, doei.
[2017.10.26-09.58.15:492][392]LogBlueprintUserMessages: [NPC_Default_233] Je hebt me al geholpen, doei.
[2017.10.26-09.58.15:975][421]LogBlueprintUserMessages: [NPC_Default_233] Je hebt me al geholpen, doei.
[2017.10.26-09.58.16:542][455]LogBlueprintUserMessages: [NPC_Default_233] Je hebt me al geholpen, doei.
[2017.10.26-09.58.22:592][818]LogBlueprintUserMessages: [InteractableObject_Default17_3970] Interact Pressed succesfully
[2017.10.26-09.58.28:593][178]LogBlueprintUserMessages: [InteractableObject_Default_C_17] Interact Pressed succesfully
[2017.10.26-09.58.28:843][193]LogBlueprintUserMessages: [InteractableObject_Default_C_16] Interact Pressed succesfully
[2017.10.26-09.58.29:026][204]LogBlueprintUserMessages: [InteractableObject_Default_C_15] Interact Pressed succesfully
[2017.10.26-09.58.29:210][215]LogBlueprintUserMessages: [InteractableObject_Default_C_14] Interact Pressed succesfully
[2017.10.26-09.58.29:377][225]LogBlueprintUserMessages: [InteractableObject_Default_C_13] Interact Pressed succesfully
[2017.10.26-09.58.29:743][247]LogBlueprintUserMessages: [InteractableObject_Default_C_12] Interact Pressed succesfully
[2017.10.26-09.58.29:943][259]LogBlueprintUserMessages: [InteractableObject_Default_C_11] Interact Pressed succesfully
[2017.10.26-09.58.30:109][269]LogBlueprintUserMessages: [InteractableObject_Default_C_10] Interact Pressed succesfully
[2017.10.26-09.58.32:842][433]LogBlueprintUserMessages: [InteractableObject_Default_C_9] Interact Pressed succesfully
[2017.10.26-09.58.33:043][445]LogBlueprintUserMessages: [InteractableObject_Default_C_8] Interact Pressed succesfully
[2017.10.26-09.58.33:609][479]LogBlueprintUserMessages: [InteractableObject_Default_C_6] Interact Pressed succesfully
[2017.10.26-09.58.33:759][488]LogBlueprintUserMessages: [InteractableObject_Default_C_5] Interact Pressed succesfully
[2017.10.26-09.58.34:693][544]LogBlueprintUserMessages: [InteractableObject_Default_C_4] Interact Pressed succesfully
[2017.10.26-09.58.34:859][554]LogBlueprintUserMessages: [InteractableObject_Default_C_3] Interact Pressed succesfully
[2017.10.26-09.58.35:076][567]LogBlueprintUserMessages: [InteractableObject_Default_C_2] Interact Pressed succesfully
[2017.10.26-09.58.35:264][577]LogBlueprintUserMessages: [InteractableObject_Default_C_1] Interact Pressed succesfully
[2017.10.26-09.58.35:664][601]LogBlueprintUserMessages: [InteractableObject_Default_C_0] Interact Pressed succesfully
[2017.10.26-10.00.29:242][ 93]LogActorComponent: UnregisterComponent: (/Engine/Transient.EditorFloorComp) Not registered. Aborting.
[2017.10.26-10.00.29:334][ 93]LogActorComponent: UnregisterComponent: (/Engine/Transient.EditorFloorComp) Not registered. Aborting.
[2017.10.26-10.00.29:619][ 94]Cmd: QUIT_EDITOR
[2017.10.26-10.00.29:683][ 94]LogWindowsTextInputMethodSystem: Display: IME system now deactivated.
[2017.10.26-10.00.29:684][ 94]LogWindowsTextInputMethodSystem: Display: IME system now deactivated.
[2017.10.26-10.00.29:713][ 94]LogExit: Preparing to exit.
[2017.10.26-10.00.30:743][ 94]LogDirectoryWatcher: A directory notification for 'C:/Users/roysc/Documents/Unreal Projects/Exalos/Content/' was aborted.
[2017.10.26-10.00.30:785][ 94]LogExit: Editor shut down
[2017.10.26-10.00.30:795][ 94]LogExit: Transaction tracking system shut down
[2017.10.26-10.00.31:015][ 94]LogDirectoryWatcher: A directory notification for '../../../Engine/Content/' was aborted.
[2017.10.26-10.00.31:016][ 94]LogDirectoryWatcher: A directory notification for '../../../../../../Users/roysc/Documents/Unreal Projects/Exalos/Content/' was aborted.
[2017.10.26-10.00.31:016][ 94]LogDirectoryWatcher: A directory notification for '../../../Engine/Plugins/2D/Paper2D/Content/' was aborted.
[2017.10.26-10.00.31:016][ 94]LogDirectoryWatcher: A directory notification for '../../../Engine/Plugins/Runtime/Oculus/OculusVR/Content/' was aborted.
[2017.10.26-10.00.31:016][ 94]LogDirectoryWatcher: A directory notification for '../../../Engine/Plugins/Runtime/Steam/SteamVR/Content/' was aborted.
[2017.10.26-10.00.31:108][ 94]LogExit: Object subsystem successfully closed.
[2017.10.26-10.00.31:125][ 94]LogD3D11RHI: Shutdown
[2017.10.26-10.00.31:125][ 94]LogD3D11RHI: CleanupD3DDevice
[2017.10.26-10.00.31:243][ 94]LogD3D11RHI: ~FD3D11DynamicRHI
[2017.10.26-10.00.31:259][ 94]LogModuleManager: Shutting down and abandoning module MovieSceneCapture (538)
[2017.10.26-10.00.31:259][ 94]LogModuleManager: Shutting down and abandoning module SequencerWidgets (536)
[2017.10.26-10.00.31:259][ 94]LogModuleManager: Shutting down and abandoning module BlueprintGraph (534)
[2017.10.26-10.00.31:259][ 94]LogModuleManager: Shutting down and abandoning module BlueprintProfiler (532)
[2017.10.26-10.00.31:259][ 94]LogModuleManager: Shutting down and abandoning module HierarchicalLODOutliner (530)
[2017.10.26-10.00.31:259][ 94]LogModuleManager: Shutting down and abandoning module SceneOutliner (528)
[2017.10.26-10.00.31:259][ 94]LogModuleManager: Shutting down and abandoning module AddContentDialog (526)
[2017.10.26-10.00.31:260][ 94]LogDirectoryWatcher: A directory notification for 'C:/Program Files/Epic Games/UE_4.17/FeaturePacks/' was aborted.
[2017.10.26-10.00.31:261][ 94]LogModuleManager: Shutting down and abandoning module WidgetCarousel (525)
[2017.10.26-10.00.31:261][ 94]LogModuleManager: Shutting down and abandoning module EditorWidgets (522)
[2017.10.26-10.00.31:261][ 94]LogModuleManager: Shutting down and abandoning module CollectionManager (520)
[2017.10.26-10.00.31:261][ 94]LogDirectoryWatcher: A directory notification for 'C:/Users/roysc/Documents/Unreal Projects/Exalos/Content/Collections/' was aborted.
[2017.10.26-10.00.31:261][ 94]LogDirectoryWatcher: A directory notification for 'C:/Users/roysc/Documents/Unreal Projects/Exalos/Content/Developers/roysc/Collections/' was aborted.
[2017.10.26-10.00.31:261][ 94]LogDirectoryWatcher: A directory notification for 'C:/Users/roysc/Documents/Unreal Projects/Exalos/Saved/Collections/' was aborted.
[2017.10.26-10.00.31:261][ 94]LogModuleManager: Shutting down and abandoning module StatsViewer (518)
[2017.10.26-10.00.31:261][ 94]LogModuleManager: Shutting down and abandoning module FoliageEdit (516)
[2017.10.26-10.00.31:261][ 94]LogModuleManager: Shutting down and abandoning module LandscapeEditor (514)
[2017.10.26-10.00.31:261][ 94]LogModuleManager: Shutting down and abandoning module MeshPaintMode (512)
[2017.10.26-10.00.31:261][ 94]LogModuleManager: Shutting down and abandoning module SceneDepthPickerMode (510)
[2017.10.26-10.00.31:261][ 94]LogModuleManager: Shutting down and abandoning module ActorPickerMode (508)
[2017.10.26-10.00.31:261][ 94]LogModuleManager: Shutting down and abandoning module GeometryMode (506)
[2017.10.26-10.00.31:261][ 94]LogModuleManager: Shutting down and abandoning module TextureAlignMode (504)
[2017.10.26-10.00.31:261][ 94]LogModuleManager: Shutting down and abandoning module BspMode (502)
[2017.10.26-10.00.31:261][ 94]LogModuleManager: Shutting down and abandoning module PIEPreviewDeviceProfileSelector (500)
[2017.10.26-10.00.31:261][ 94]LogModuleManager: Shutting down and abandoning module HardwareSurvey (498)
[2017.10.26-10.00.31:261][ 94]LogModuleManager: Shutting down and abandoning module SequenceRecorderSections (496)
[2017.10.26-10.00.31:261][ 94]LogModuleManager: Shutting down and abandoning module AutomationWorker (494)
[2017.10.26-10.00.31:261][ 94]LogModuleManager: Shutting down and abandoning module MatineeToLevelSequence (492)
[2017.10.26-10.00.31:261][ 94]LogModuleManager: Shutting down and abandoning module LevelSequenceEditor (490)
[2017.10.26-10.00.31:261][ 94]LogModuleManager: Shutting down and abandoning module PlacementMode (489)
[2017.10.26-10.00.31:261][ 94]LogModuleManager: Shutting down and abandoning module WmfMediaFactory (486)
[2017.10.26-10.00.31:261][ 94]LogModuleManager: Shutting down and abandoning module WmfMediaEditor (484)
[2017.10.26-10.00.31:261][ 94]LogModuleManager: Shutting down and abandoning module AvfMediaFactory (482)
[2017.10.26-10.00.31:261][ 94]LogModuleManager: Shutting down and abandoning module AvfMediaEditor (480)
[2017.10.26-10.00.31:261][ 94]LogModuleManager: Shutting down and abandoning module AndroidMediaFactory (478)
[2017.10.26-10.00.31:261][ 94]LogModuleManager: Shutting down and abandoning module Media (477)
[2017.10.26-10.00.31:261][ 94]LogModuleManager: Shutting down and abandoning module AndroidMediaEditor (474)
[2017.10.26-10.00.31:262][ 94]LogModuleManager: Shutting down and abandoning module CharacterAI (472)
[2017.10.26-10.00.31:262][ 94]LogModuleManager: Shutting down and abandoning module AudioCapture (470)
[2017.10.26-10.00.31:262][ 94]LogModuleManager: Shutting down and abandoning module SequenceRecorder (469)
[2017.10.26-10.00.31:262][ 94]LogModuleManager: Shutting down and abandoning module SmartSnapping (466)
[2017.10.26-10.00.31:262][ 94]LogModuleManager: Shutting down and abandoning module SessionServices (464)
[2017.10.26-10.00.31:262][ 94]LogModuleManager: Shutting down and abandoning module ViewportSnapping (462)
[2017.10.26-10.00.31:262][ 94]LogModuleManager: Shutting down and abandoning module ViewportInteraction (460)
[2017.10.26-10.00.31:262][ 94]LogModuleManager: Shutting down and abandoning module ClothPainter (458)
[2017.10.26-10.00.31:262][ 94]LogModuleManager: Shutting down and abandoning module LogVisualizer (456)
[2017.10.26-10.00.31:262][ 94]LogModuleManager: Shutting down and abandoning module IntroTutorials (454)
[2017.10.26-10.00.31:262][ 94]LogModuleManager: Shutting down and abandoning module GameProjectGeneration (453)
[2017.10.26-10.00.31:262][ 94]LogModuleManager: Shutting down and abandoning module IOSPlatformEditor (450)
[2017.10.26-10.00.31:262][ 94]LogModuleManager: Shutting down and abandoning module HTML5PlatformEditor (448)
[2017.10.26-10.00.31:262][ 94]LogModuleManager: Shutting down and abandoning module AndroidPlatformEditor (446)
[2017.10.26-10.00.31:262][ 94]LogModuleManager: Shutting down and abandoning module AndroidDeviceDetection (445)
[2017.10.26-10.00.31:824][ 94]LogModuleManager: Shutting down and abandoning module WindowsPlatformEditor (442)
[2017.10.26-10.00.31:824][ 94]LogModuleManager: Shutting down and abandoning module IOSRuntimeSettings (440)
[2017.10.26-10.00.31:824][ 94]LogModuleManager: Shutting down and abandoning module AndroidRuntimeSettings (438)
[2017.10.26-10.00.31:824][ 94]LogModuleManager: Shutting down and abandoning module InputBindingEditor (436)
[2017.10.26-10.00.31:824][ 94]LogModuleManager: Shutting down and abandoning module MergeActors (434)
[2017.10.26-10.00.31:824][ 94]LogModuleManager: Shutting down and abandoning module SizeMap (432)
[2017.10.26-10.00.31:824][ 94]LogModuleManager: Shutting down and abandoning module TreeMap (430)
[2017.10.26-10.00.31:825][ 94]LogModuleManager: Shutting down and abandoning module ReferenceViewer (428)
[2017.10.26-10.00.31:825][ 94]LogModuleManager: Shutting down and abandoning module LocalizationDashboard (426)
[2017.10.26-10.00.31:825][ 94]LogModuleManager: Shutting down and abandoning module LocalizationService (425)
[2017.10.26-10.00.31:825][ 94]LogModuleManager: Shutting down and abandoning module HardwareTargeting (422)
[2017.10.26-10.00.31:825][ 94]LogModuleManager: Shutting down and abandoning module DeviceProfileEditor (420)
[2017.10.26-10.00.31:825][ 94]LogModuleManager: Shutting down and abandoning module UndoHistory (418)
[2017.10.26-10.00.31:825][ 94]LogModuleManager: Shutting down and abandoning module XmlParser (416)
[2017.10.26-10.00.31:825][ 94]LogModuleManager: Shutting down and abandoning module Blutility (414)
[2017.10.26-10.00.31:825][ 94]LogModuleManager: Shutting down and abandoning module ProjectSettingsViewer (412)
[2017.10.26-10.00.31:825][ 94]LogModuleManager: Shutting down and abandoning module ProjectTargetPlatformEditor (411)
[2017.10.26-10.00.31:826][ 94]LogModuleManager: Shutting down and abandoning module EditorSettingsViewer (408)
[2017.10.26-10.00.31:826][ 94]LogModuleManager: Shutting down and abandoning module SettingsEditor (406)
[2017.10.26-10.00.31:826][ 94]LogModuleManager: Shutting down and abandoning module ProjectLauncher (404)
[2017.10.26-10.00.31:826][ 94]LogModuleManager: Shutting down and abandoning module SessionFrontend (402)
[2017.10.26-10.00.31:826][ 94]LogModuleManager: Shutting down and abandoning module ProfilerClient (400)
[2017.10.26-10.00.31:826][ 94]LogModuleManager: Shutting down and abandoning module DeviceManager (398)
[2017.10.26-10.00.31:826][ 94]LogModuleManager: Shutting down and abandoning module TargetDeviceServices (397)
[2017.10.26-10.00.31:880][ 94]LogModuleManager: Shutting down and abandoning module AutomationController (394)
[2017.10.26-10.00.31:880][ 94]LogModuleManager: Shutting down and abandoning module AutomationWindow (392)
[2017.10.26-10.00.31:880][ 94]LogModuleManager: Shutting down and abandoning module Layers (390)
[2017.10.26-10.00.31:880][ 94]LogModuleManager: Shutting down and abandoning module ComponentVisualizers (388)
[2017.10.26-10.00.31:880][ 94]LogModuleManager: Shutting down and abandoning module DetailCustomizations (386)
[2017.10.26-10.00.31:880][ 94]LogModuleManager: Shutting down and abandoning module PackagesDialog (384)
[2017.10.26-10.00.31:881][ 94]LogModuleManager: Shutting down and abandoning module Persona (382)
[2017.10.26-10.00.31:881][ 94]LogModuleManager: Shutting down and abandoning module AdvancedPreviewScene (381)
[2017.10.26-10.00.31:881][ 94]LogModuleManager: Shutting down and abandoning module AnimGraph (379)
[2017.10.26-10.00.31:881][ 94]LogModuleManager: Shutting down and abandoning module Kismet (376)
[2017.10.26-10.00.31:902][ 94]LogModuleManager: Shutting down and abandoning module ClassViewer (374)
[2017.10.26-10.00.31:902][ 94]LogModuleManager: Shutting down and abandoning module Toolbox (372)
[2017.10.26-10.00.31:902][ 94]LogModuleManager: Shutting down and abandoning module ModuleUI (370)
[2017.10.26-10.00.31:902][ 94]LogModuleManager: Shutting down and abandoning module MovieSceneTools (368)
[2017.10.26-10.00.31:903][ 94]LogModuleManager: Shutting down and abandoning module OutputLog (366)
[2017.10.26-10.00.31:903][ 94]LogModuleManager: Shutting down and abandoning module GammaUI (364)
[2017.10.26-10.00.31:903][ 94]LogModuleManager: Shutting down and abandoning module Documentation (362)
[2017.10.26-10.00.31:903][ 94]LogModuleManager: Shutting down and abandoning module MovieSceneTracks (360)
[2017.10.26-10.00.31:903][ 94]LogModuleManager: Shutting down and abandoning module MovieScene (358)
[2017.10.26-10.00.31:903][ 94]LogModuleManager: Shutting down and abandoning module Niagara (356)
[2017.10.26-10.00.31:903][ 94]LogModuleManager: Shutting down and abandoning module NiagaraEditor (355)
[2017.10.26-10.00.31:903][ 94]LogModuleManager: Shutting down and abandoning module StreamingPauseRendering (352)
[2017.10.26-10.00.31:903][ 94]LogModuleManager: Shutting down and abandoning module LauncherPlatform (350)
[2017.10.26-10.00.31:904][ 94]LogModuleManager: Shutting down and abandoning module AnalyticsET (348)
[2017.10.26-10.00.31:904][ 94]LogModuleManager: Shutting down and abandoning module PortalServices (346)
[2017.10.26-10.00.31:904][ 94]LogModuleManager: Shutting down and abandoning module PortalRpc (344)
[2017.10.26-10.00.31:904][ 94]LogModuleManager: Shutting down and abandoning module MessagingRpc (342)
[2017.10.26-10.00.31:904][ 94]LogModuleManager: Shutting down and abandoning module AIModule (340)
[2017.10.26-10.00.31:904][ 94]LogModuleManager: Shutting down and abandoning module GameplayDebugger (339)
[2017.10.26-10.00.31:904][ 94]LogModuleManager: Shutting down and abandoning module AITestSuite (337)
[2017.10.26-10.00.31:904][ 94]LogModuleManager: Shutting down and abandoning module ProfilerService (334)
[2017.10.26-10.00.32:102][ 94]LogModuleManager: Shutting down and abandoning module TaskGraph (332)
[2017.10.26-10.00.32:102][ 94]LogModuleManager: Shutting down and abandoning module SteamVRController (330)
[2017.10.26-10.00.32:102][ 94]LogModuleManager: Shutting down and abandoning module ProceduralMeshComponentEditor (328)
[2017.10.26-10.00.32:102][ 94]LogModuleManager: Shutting down and abandoning module ProceduralMeshComponent (326)
[2017.10.26-10.00.32:102][ 94]LogModuleManager: Shutting down and abandoning module OculusInput (324)
[2017.10.26-10.00.32:103][ 94]LogModuleManager: Shutting down and abandoning module MobilePatchingUtils (322)
[2017.10.26-10.00.32:103][ 94]LogModuleManager: Shutting down and abandoning module CustomMeshComponent (320)
[2017.10.26-10.00.32:103][ 94]LogModuleManager: Shutting down and abandoning module CableComponent (318)
[2017.10.26-10.00.32:103][ 94]LogModuleManager: Shutting down and abandoning module ArchVisCharacter (316)
[2017.10.26-10.00.32:103][ 94]LogModuleManager: Shutting down and abandoning module AndroidPermission (314)
[2017.10.26-10.00.32:103][ 94]LogModuleManager: Shutting down and abandoning module MediaPlayerEditor (310)
[2017.10.26-10.00.32:103][ 94]LogModuleManager: Shutting down and abandoning module HTML5Networking (308)
[2017.10.26-10.00.32:103][ 94]LogModuleManager: Shutting down and abandoning module AlembicImporter (306)
[2017.10.26-10.00.32:103][ 94]LogModuleManager: Shutting down and abandoning module AlembicLibrary (305)
[2017.10.26-10.00.32:103][ 94]LogModuleManager: Shutting down and abandoning module GeometryCache (304)
[2017.10.26-10.00.32:103][ 94]LogModuleManager: Shutting down and abandoning module GeometryCacheEd (303)
[2017.10.26-10.00.32:103][ 94]LogModuleManager: Shutting down and abandoning module SpeedTreeImporter (298)
[2017.10.26-10.00.32:103][ 94]LogModuleManager: Shutting down and abandoning module PluginBrowser (296)
[2017.10.26-10.00.32:104][ 94]LogModuleManager: Shutting down and abandoning module MobileLauncherProfileWizard (294)
[2017.10.26-10.00.32:104][ 94]LogModuleManager: Shutting down and abandoning module VisualStudioSourceCodeAccess (292)
[2017.10.26-10.00.32:104][ 94]LogModuleManager: Shutting down and abandoning module DesktopPlatform (291)
[2017.10.26-10.00.32:104][ 94]LogModuleManager: Shutting down and abandoning module UObjectPlugin (288)
[2017.10.26-10.00.32:104][ 94]LogModuleManager: Shutting down and abandoning module SubversionSourceControl (286)
[2017.10.26-10.00.32:104][ 94]LogModuleManager: Shutting down and abandoning module PerforceSourceControl (284)
[2017.10.26-10.00.32:104][ 94]LogModuleManager: Shutting down and abandoning module GitSourceControl (282)
[2017.10.26-10.00.32:104][ 94]LogModuleManager: Shutting down and abandoning module SourceControl (281)
[2017.10.26-10.00.32:104][ 94]LogModuleManager: Shutting down and abandoning module LightPropagationVolumeEditor (278)
[2017.10.26-10.00.32:104][ 94]LogModuleManager: Shutting down and abandoning module PaperTiledImporter (276)
[2017.10.26-10.00.32:104][ 94]LogModuleManager: Shutting down and abandoning module PaperSpriteSheetImporter (274)
[2017.10.26-10.00.32:105][ 94]LogModuleManager: Shutting down and abandoning module Paper2DEditor (272)
[2017.10.26-10.00.32:105][ 94]LogModuleManager: Shutting down and abandoning module MeshPaint (271)
[2017.10.26-10.00.32:105][ 94]LogModuleManager: Shutting down and abandoning module LevelEditor (269)
[2017.10.26-10.00.32:107][ 94]LogModuleManager: Shutting down and abandoning module PixelInspectorModule (268)
[2017.10.26-10.00.32:107][ 94]LogModuleManager: Shutting down and abandoning module MainFrame (266)
[2017.10.26-10.00.32:107][ 94]LogModuleManager: Shutting down and abandoning module HotReload (265)
[2017.10.26-10.00.32:109][ 94]LogModuleManager: Shutting down and abandoning module RuntimePhysXCooking (260)
[2017.10.26-10.00.32:109][ 94]LogModuleManager: Shutting down and abandoning module PhysXVehiclesEditor (258)
[2017.10.26-10.00.32:109][ 94]LogModuleManager: Shutting down and abandoning module PhysXVehicles (256)
[2017.10.26-10.00.32:109][ 94]LogModuleManager: Shutting down and abandoning module OculusEditor (254)
[2017.10.26-10.00.32:109][ 94]LogModuleManager: Shutting down and abandoning module LocationServicesBPLibrary (252)
[2017.10.26-10.00.32:109][ 94]LogModuleManager: Shutting down and abandoning module ImmediatePhysicsEditor (250)
[2017.10.26-10.00.32:109][ 94]LogModuleManager: Shutting down and abandoning module ImmediatePhysics (248)
[2017.10.26-10.00.32:110][ 94]LogModuleManager: Shutting down and abandoning module UdpMessaging (246)
[2017.10.26-10.00.32:210][ 94]LogModuleManager: Shutting down and abandoning module TcpMessaging (244)
[2017.10.26-10.00.32:310][ 94]LogModuleManager: Shutting down and abandoning module GameplayTagsEditor (242)
[2017.10.26-10.00.32:310][ 94]LogModuleManager: Shutting down and abandoning module FacialAnimationEditor (240)
[2017.10.26-10.00.32:310][ 94]LogModuleManager: Shutting down and abandoning module FacialAnimation (238)
[2017.10.26-10.00.32:310][ 94]LogModuleManager: Shutting down and abandoning module AssetManagerEditor (236)
[2017.10.26-10.00.32:310][ 94]LogModuleManager: Shutting down and abandoning module GraphEditor (235)
[2017.10.26-10.00.32:310][ 94]LogModuleManager: Shutting down and abandoning module ContentBrowser (233)
[2017.10.26-10.00.32:313][ 94]LogModuleManager: Shutting down and abandoning module LightPropagationVolumeRuntime (230)
[2017.10.26-10.00.32:313][ 94]LogModuleManager: Shutting down and abandoning module Paper2D (228)
[2017.10.26-10.00.32:314][ 94]LogModuleManager: Shutting down and abandoning module WindowsMoviePlayer (226)
[2017.10.26-10.00.32:314][ 94]LogModuleManager: Shutting down and abandoning module WmfMedia (224)
[2017.10.26-10.00.32:320][ 94]LogModuleManager: Shutting down and abandoning module PacketHandler (222)
[2017.10.26-10.00.32:320][ 94]LogModuleManager: Shutting down and abandoning module ClothingSystemEditor (220)
[2017.10.26-10.00.32:320][ 94]LogModuleManager: Shutting down and abandoning module ClothingSystemRuntime (218)
[2017.10.26-10.00.32:321][ 94]LogModuleManager: Shutting down and abandoning module Overlay (216)
[2017.10.26-10.00.32:321][ 94]LogModuleManager: Shutting down and abandoning module OverlayEditor (215)
[2017.10.26-10.00.32:321][ 94]LogModuleManager: Shutting down and abandoning module MediaAssets (212)
[2017.10.26-10.00.32:321][ 94]LogModuleManager: Shutting down and abandoning module VREditor (210)
[2017.10.26-10.00.32:321][ 94]LogModuleManager: Shutting down and abandoning module StringTableEditor (208)
[2017.10.26-10.00.32:321][ 94]LogModuleManager: Shutting down and abandoning module GameplayTasksEditor (206)
[2017.10.26-10.00.32:321][ 94]LogModuleManager: Shutting down and abandoning module BehaviorTreeEditor (204)
[2017.10.26-10.00.32:321][ 94]LogModuleManager: Shutting down and abandoning module FunctionalTesting (202)
[2017.10.26-10.00.32:321][ 94]LogModuleManager: Shutting down and abandoning module CollisionAnalyzer (200)
[2017.10.26-10.00.32:321][ 94]LogModuleManager: Shutting down and abandoning module WorkspaceMenuStructure (199)
[2017.10.26-10.00.32:321][ 94]LogModuleManager: Shutting down and abandoning module UMG (196)
[2017.10.26-10.00.32:322][ 94]LogModuleManager: Shutting down and abandoning module UMGEditor (195)
[2017.10.26-10.00.32:322][ 94]LogModuleManager: Shutting down and abandoning module Sequencer (194)
[2017.10.26-10.00.32:322][ 94]LogModuleManager: Shutting down and abandoning module MessageLog (191)
[2017.10.26-10.00.32:322][ 94]LogModuleManager: Shutting down and abandoning module SlateReflector (186)
[2017.10.26-10.00.32:322][ 94]LogModuleManager: Shutting down and abandoning module Slate (184)
[2017.10.26-10.00.32:322][ 94]LogModuleManager: Shutting down and abandoning module EditorStyle (182)
[2017.10.26-10.00.32:331][ 94]LogModuleManager: Shutting down and abandoning module MRMesh (180)
[2017.10.26-10.00.32:331][ 94]LogModuleManager: Shutting down and abandoning module SourceCodeAccess (178)
[2017.10.26-10.00.32:331][ 94]LogModuleManager: Shutting down and abandoning module HeadMountedDisplay (176)
[2017.10.26-10.00.32:331][ 94]LogModuleManager: Shutting down and abandoning module XAudio2 (174)
[2017.10.26-10.00.32:331][ 94]LogModuleManager: Shutting down and abandoning module Networking (172)
[2017.10.26-10.00.32:331][ 94]LogModuleManager: Shutting down and abandoning module Core (168)
[2017.10.26-10.00.32:331][ 94]LogModuleManager: Shutting down and abandoning module KismetCompiler (164)
[2017.10.26-10.00.32:331][ 94]LogModuleManager: Shutting down and abandoning module LevelSequence (162)
[2017.10.26-10.00.32:331][ 94]LogModuleManager: Shutting down and abandoning module MeshUtilities (160)
[2017.10.26-10.00.32:331][ 94]LogModuleManager: Shutting down and abandoning module MeshMergeUtilities (159)
[2017.10.26-10.00.32:331][ 94]LogModuleManager: Shutting down and abandoning module MeshReductionInterface (158)
[2017.10.26-10.00.32:332][ 94]LogModuleManager: Shutting down and abandoning module SimplygonSwarm (157)
[2017.10.26-10.00.32:332][ 94]LogModuleManager: Shutting down and abandoning module SimplygonMeshReduction (155)
[2017.10.26-10.00.32:332][ 94]LogModuleManager: Shutting down and abandoning module QuadricMeshReduction (153)
[2017.10.26-10.00.32:332][ 94]LogModuleManager: Shutting down and abandoning module MaterialBaking (149)
[2017.10.26-10.00.32:332][ 94]LogModuleManager: Shutting down and abandoning module DirectoryWatcher (146)
[2017.10.26-10.00.32:336][ 94]LogModuleManager: Shutting down and abandoning module DerivedDataCache (144)
[2017.10.26-10.00.32:345][ 94]LogDerivedDataCache: Shutdown
[2017.10.26-10.00.32:345][ 94]LogModuleManager: Shutting down and abandoning module TargetPlatform (142)
[2017.10.26-10.00.32:345][ 94]LogModuleManager: Shutting down and abandoning module VulkanShaderFormat (141)
[2017.10.26-10.00.32:345][ 94]LogModuleManager: Shutting down and abandoning module ShaderFormatVectorVM (139)
[2017.10.26-10.00.32:345][ 94]LogModuleManager: Shutting down and abandoning module ShaderFormatOpenGL (137)
[2017.10.26-10.00.32:345][ 94]LogModuleManager: Shutting down and abandoning module ShaderFormatD3D (135)
[2017.10.26-10.00.32:346][ 94]LogModuleManager: Shutting down and abandoning module MetalShaderFormat (133)
[2017.10.26-10.00.32:346][ 94]LogModuleManager: Shutting down and abandoning module TextureFormatUncompressed (131)
[2017.10.26-10.00.32:346][ 94]LogModuleManager: Shutting down and abandoning module TextureFormatPVR (129)
[2017.10.26-10.00.32:346][ 94]LogModuleManager: Shutting down and abandoning module TextureFormatDXT (127)
[2017.10.26-10.00.32:346][ 94]LogModuleManager: Shutting down and abandoning module TextureFormatIntelISPCTexComp (125)
[2017.10.26-10.00.32:346][ 94]LogModuleManager: Shutting down and abandoning module TextureFormatASTC (123)
[2017.10.26-10.00.32:346][ 94]LogModuleManager: Shutting down and abandoning module ImageWrapper (122)
[2017.10.26-10.00.32:346][ 94]LogModuleManager: Shutting down and abandoning module TextureFormatAndroid (119)
[2017.10.26-10.00.32:346][ 94]LogModuleManager: Shutting down and abandoning module AudioFormatOpus (117)
[2017.10.26-10.00.32:346][ 94]LogModuleManager: Shutting down and abandoning module AudioFormatOgg (115)
[2017.10.26-10.00.32:346][ 94]LogModuleManager: Shutting down and abandoning module AudioFormatADPCM (113)
[2017.10.26-10.00.32:346][ 94]LogModuleManager: Shutting down and abandoning module LinuxTargetPlatform (111)
[2017.10.26-10.00.32:346][ 94]LogModuleManager: Shutting down and abandoning module LinuxServerTargetPlatform (109)
[2017.10.26-10.00.32:346][ 94]LogModuleManager: Shutting down and abandoning module LinuxNoEditorTargetPlatform (107)
[2017.10.26-10.00.32:347][ 94]LogModuleManager: Shutting down and abandoning module LinuxClientTargetPlatform (105)
[2017.10.26-10.00.32:347][ 94]LogModuleManager: Shutting down and abandoning module TVOSTargetPlatform (103)
[2017.10.26-10.00.32:347][ 94]LogModuleManager: Shutting down and abandoning module Messaging (101)
[2017.10.26-10.00.32:347][ 94]LogModuleManager: Shutting down and abandoning module IOSTargetPlatform (99)
[2017.10.26-10.00.32:347][ 94]LogModuleManager: Shutting down and abandoning module HTML5TargetPlatform (97)
[2017.10.26-10.00.32:347][ 94]LogModuleManager: Shutting down and abandoning module Android_PVRTCTargetPlatform (95)
[2017.10.26-10.00.32:347][ 94]LogModuleManager: Shutting down and abandoning module Android_MultiTargetPlatform (93)
[2017.10.26-10.00.32:347][ 94]LogModuleManager: Shutting down and abandoning module Android_ETC2TargetPlatform (91)
[2017.10.26-10.00.32:347][ 94]LogModuleManager: Shutting down and abandoning module Android_ETC1TargetPlatform (89)
[2017.10.26-10.00.32:347][ 94]LogModuleManager: Shutting down and abandoning module Android_DXTTargetPlatform (87)
[2017.10.26-10.00.32:347][ 94]LogModuleManager: Shutting down and abandoning module Android_ATCTargetPlatform (85)
[2017.10.26-10.00.32:347][ 94]LogModuleManager: Shutting down and abandoning module Android_ASTCTargetPlatform (83)
[2017.10.26-10.00.32:347][ 94]LogModuleManager: Shutting down and abandoning module AndroidTargetPlatform (81)
[2017.10.26-10.00.32:347][ 94]LogModuleManager: Shutting down and abandoning module WindowsTargetPlatform (79)
[2017.10.26-10.00.32:347][ 94]LogModuleManager: Shutting down and abandoning module WindowsServerTargetPlatform (77)
[2017.10.26-10.00.32:347][ 94]LogModuleManager: Shutting down and abandoning module WindowsNoEditorTargetPlatform (75)
[2017.10.26-10.00.32:347][ 94]LogModuleManager: Shutting down and abandoning module WindowsClientTargetPlatform (73)
[2017.10.26-10.00.32:347][ 94]LogModuleManager: Shutting down and abandoning module MacTargetPlatform (71)
[2017.10.26-10.00.32:347][ 94]LogModuleManager: Shutting down and abandoning module MacServerTargetPlatform (69)
[2017.10.26-10.00.32:347][ 94]LogModuleManager: Shutting down and abandoning module MacNoEditorTargetPlatform (67)
[2017.10.26-10.00.32:347][ 94]LogModuleManager: Shutting down and abandoning module MacClientTargetPlatform (65)
[2017.10.26-10.00.32:347][ 94]LogModuleManager: Shutting down and abandoning module AllDesktopTargetPlatform (63)
[2017.10.26-10.00.32:347][ 94]LogModuleManager: Shutting down and abandoning module InputCore (60)
[2017.10.26-10.00.32:347][ 94]LogModuleManager: Shutting down and abandoning module Settings (58)
[2017.10.26-10.00.32:347][ 94]LogModuleManager: Shutting down and abandoning module PhysXCooking (56)
[2017.10.26-10.00.32:347][ 94]LogModuleManager: Shutting down and abandoning module SteamVR (54)
[2017.10.26-10.00.32:347][ 94]LogModuleManager: Shutting down and abandoning module OculusHMD (52)
[2017.10.26-10.00.32:348][ 94]LogModuleManager: Shutting down and abandoning module ExampleDeviceProfileSelector (50)
[2017.10.26-10.00.32:348][ 94]LogModuleManager: Shutting down and abandoning module OnlineBlueprintSupport (48)
[2017.10.26-10.00.32:348][ 94]LogModuleManager: Shutting down and abandoning module OnlineSubsystem (44)
[2017.10.26-10.00.32:348][ 94]LogOnline: Display: Unloading online subsystem: NULL
[2017.10.26-10.00.32:348][ 94]LogModuleManager: Shutting down and abandoning module XMPP (43)
[2017.10.26-10.00.32:348][ 94]LogModuleManager: Shutting down and abandoning module HTTP (41)
[2017.10.26-10.00.32:348][ 94]LogHttp: Display: Http module shutting down, but needs to wait on 1 outstanding Http requests:
[2017.10.26-10.00.32:348][ 94]LogHttp: Display: 	verb=[POST] url=[https://datarouter.ol.epicgames.com/datarouter/api/v1/public/data?SessionID=%7B0EDAF7EC-4460-A4CB-6EC4-75888A5A5185%7D&AppID=UEEditor.Rocket.Release&AppVersion=4.17.2-3658906%2B%2B%2BUE4%2BRelease-4.17&UserID=48ec7fe2408605d8edd0cdbe0bfa4672%7C19cff717f4de47c8b45d09c7300d6cb4%7C554d65e8-1b2d-4947-8ee1-de6a9a3a3aa7&AppEnvironment=datacollector-binary&UploadType=eteventstream] status=Processing
[2017.10.26-10.00.32:351][ 94]LogModuleManager: Shutting down and abandoning module SSL (40)
[2017.10.26-10.00.32:353][ 94]LogModuleManager: Shutting down and abandoning module AnimationModifiers (36)
[2017.10.26-10.00.32:353][ 94]LogModuleManager: Shutting down and abandoning module PropertyEditor (35)
[2017.10.26-10.00.32:354][ 94]LogModuleManager: Shutting down and abandoning module AudioEditor (32)
[2017.10.26-10.00.32:354][ 94]LogModuleManager: Shutting down and abandoning module TextureCompressor (30)
[2017.10.26-10.00.32:354][ 94]LogModuleManager: Shutting down and abandoning module ShaderCore (28)
[2017.10.26-10.00.32:354][ 94]LogModuleManager: Shutting down and abandoning module Landscape (26)
[2017.10.26-10.00.32:354][ 94]LogModuleManager: Shutting down and abandoning module SlateRHIRenderer (24)
[2017.10.26-10.00.32:356][ 94]LogModuleManager: Shutting down and abandoning module OpenGLDrv (22)
[2017.10.26-10.00.32:356][ 94]LogModuleManager: Shutting down and abandoning module D3D11RHI (20)
[2017.10.26-10.00.32:356][ 94]LogModuleManager: Shutting down and abandoning module AnimGraphRuntime (18)
[2017.10.26-10.00.32:356][ 94]LogModuleManager: Shutting down and abandoning module Renderer (16)
[2017.10.26-10.00.32:356][ 94]LogModuleManager: Shutting down and abandoning module Engine (14)
[2017.10.26-10.00.32:356][ 94]LogModuleManager: Shutting down and abandoning module CoreUObject (12)
[2017.10.26-10.00.32:356][ 94]LogModuleManager: Shutting down and abandoning module NetworkFile (10)
[2017.10.26-10.00.32:356][ 94]LogModuleManager: Shutting down and abandoning module CookedIterativeFile (8)
[2017.10.26-10.00.32:356][ 94]LogModuleManager: Shutting down and abandoning module StreamingFile (6)
[2017.10.26-10.00.32:356][ 94]LogModuleManager: Shutting down and abandoning module SandboxFile (4)
[2017.10.26-10.00.32:356][ 94]LogModuleManager: Shutting down and abandoning module PakFile (2)
[2017.10.26-10.00.32:359][ 94]LogExit: Exiting.
[2017.10.26-10.00.32:389][ 94]Log file closed, 10/26/17 12:00:32
